This is pdfTeX, Version 3.14159265-2.6-1.40.20 (TeX Live 2019/Debian) (preloaded format=pdflatex 2023.4.3)  23 APR 2023 13:36
entering extended mode
 restricted \write18 enabled.
 %&-line parsing enabled.
**Lab-Session-8-FPP.tex
(./Lab-Session-8-FPP.tex
LaTeX2e <2020-02-02> patch level 2
L3 programming layer <2020-02-14> (/usr/share/texlive/texmf-dist/tex/latex/base
/article.cls
Document Class: article 2019/12/20 v1.4l Standard LaTeX document class
(/usr/share/texlive/texmf-dist/tex/latex/base/size10.clo
File: size10.clo 2019/12/20 v1.4l Standard LaTeX file (size option)
)
\c@part=\count167
\c@section=\count168
\c@subsection=\count169
\c@subsubsection=\count170
\c@paragraph=\count171
\c@subparagraph=\count172
\c@figure=\count173
\c@table=\count174
\abovecaptionskip=\skip47
\belowcaptionskip=\skip48
\bibindent=\dimen134
)

! LaTeX Error: File `lmodern.sty' not found.

Type X to quit or <RETURN> to proceed,
or enter new name. (Default extension: sty)

Enter file name: 
! Emergency stop.
<read *> 
         
l.6 \usepackage
               {amssymb,amsmath}^^M 
Here is how much of TeX's memory you used:
 226 strings out of 483121
 2580 string characters out of 5964289
 231742 words of memory out of 5000000
 15341 multiletter control sequences out of 15000+600000
 532338 words of font info for 24 fonts, out of 8000000 for 9000
 40 hyphenation exceptions out of 8191
 25i,0n,19p,156b,36s stack positions out of 5000i,500n,10000p,200000b,80000s

!  ==> Fatal error occurred, no output PDF file produced!

! warning: kpathsea: /var/lib/texmf/ls-R: No usable entries in ls-R.
! warning: kpathsea: See the manual for how to generate ls-R.
! warning: kpathsea: /usr/share/texmf/ls-R: No usable entries in ls-R.
! warning: kpathsea: See the manual for how to generate ls-R.
